[0.744s] Invoking command in '/home/toazbenj/ros2_ws/src/my_robot_controller': PYTHONPATH=/home/toazbenj/ros2_ws/build/my_robot_controller/prefix_override:/home/toazbenj/ros2_ws/install/my_robot_controller/lib/python3.10/site-packages:${PYTHONPATH} /usr/bin/python3 setup.py egg_info --egg-base ../../build/my_robot_controller build --build-base /home/toazbenj/ros2_ws/build/my_robot_controller/build install --record /home/toazbenj/ros2_ws/build/my_robot_controller/install.log --single-version-externally-managed
[0.963s] running egg_info
[0.963s] writing ../../build/my_robot_controller/my_robot_controller.egg-info/PKG-INFO
[0.964s] writing dependency_links to ../../build/my_robot_controller/my_robot_controller.egg-info/dependency_links.txt
[0.964s] writing entry points to ../../build/my_robot_controller/my_robot_controller.egg-info/entry_points.txt
[0.964s] writing requirements to ../../build/my_robot_controller/my_robot_controller.egg-info/requires.txt
[0.964s] writing top-level names to ../../build/my_robot_controller/my_robot_controller.egg-info/top_level.txt
[0.966s] reading manifest file '../../build/my_robot_controller/my_robot_controller.egg-info/SOURCES.txt'
[0.967s] writing manifest file '../../build/my_robot_controller/my_robot_controller.egg-info/SOURCES.txt'
[0.968s] running build
[0.968s] running build_py
[0.968s] copying my_robot_controller/my_first_node.py -> /home/toazbenj/ros2_ws/build/my_robot_controller/build/lib/my_robot_controller
[0.968s] running install
[0.969s] running install_lib
[0.969s] copying /home/toazbenj/ros2_ws/build/my_robot_controller/build/lib/my_robot_controller/my_first_node.py -> /home/toazbenj/ros2_ws/install/my_robot_controller/lib/python3.10/site-packages/my_robot_controller
[0.970s] byte-compiling /home/toazbenj/ros2_ws/install/my_robot_controller/lib/python3.10/site-packages/my_robot_controller/my_first_node.py to my_first_node.cpython-310.pyc
[0.970s] running install_data
[0.971s] running install_egg_info
[0.973s] removing '/home/toazbenj/ros2_ws/install/my_robot_controller/lib/python3.10/site-packages/my_robot_controller-0.0.0-py3.10.egg-info' (and everything under it)
[0.973s] Copying ../../build/my_robot_controller/my_robot_controller.egg-info to /home/toazbenj/ros2_ws/install/my_robot_controller/lib/python3.10/site-packages/my_robot_controller-0.0.0-py3.10.egg-info
[0.975s] running install_scripts
[0.990s] Installing test_node script to /home/toazbenj/ros2_ws/install/my_robot_controller/lib/my_robot_controller
[0.991s] writing list of installed files to '/home/toazbenj/ros2_ws/build/my_robot_controller/install.log'
[1.020s] Invoked command in '/home/toazbenj/ros2_ws/src/my_robot_controller' returned '0': PYTHONPATH=/home/toazbenj/ros2_ws/build/my_robot_controller/prefix_override:/home/toazbenj/ros2_ws/install/my_robot_controller/lib/python3.10/site-packages:${PYTHONPATH} /usr/bin/python3 setup.py egg_info --egg-base ../../build/my_robot_controller build --build-base /home/toazbenj/ros2_ws/build/my_robot_controller/build install --record /home/toazbenj/ros2_ws/build/my_robot_controller/install.log --single-version-externally-managed
