[2.066s] Invoking command in '/home/toazbenj/ros2_ws/src/my_robot_controller': PYTHONPATH=/home/toazbenj/ros2_ws/build/my_robot_controller/prefix_override:/home/toazbenj/ros2_ws/install/my_robot_controller/lib/python3.10/site-packages:${PYTHONPATH} /usr/bin/python3 setup.py egg_info --egg-base ../../build/my_robot_controller build --build-base /home/toazbenj/ros2_ws/build/my_robot_controller/build install --record /home/toazbenj/ros2_ws/build/my_robot_controller/install.log --single-version-externally-managed
[2.547s] running egg_info
[2.548s] creating ../../build/my_robot_controller/my_robot_controller.egg-info
[2.549s] writing ../../build/my_robot_controller/my_robot_controller.egg-info/PKG-INFO
[2.549s] writing dependency_links to ../../build/my_robot_controller/my_robot_controller.egg-info/dependency_links.txt
[2.549s] writing entry points to ../../build/my_robot_controller/my_robot_controller.egg-info/entry_points.txt
[2.550s] writing requirements to ../../build/my_robot_controller/my_robot_controller.egg-info/requires.txt
[2.550s] writing top-level names to ../../build/my_robot_controller/my_robot_controller.egg-info/top_level.txt
[2.550s] writing manifest file '../../build/my_robot_controller/my_robot_controller.egg-info/SOURCES.txt'
[2.552s] reading manifest file '../../build/my_robot_controller/my_robot_controller.egg-info/SOURCES.txt'
[2.553s] writing manifest file '../../build/my_robot_controller/my_robot_controller.egg-info/SOURCES.txt'
[2.554s] running build
[2.554s] running build_py
[2.555s] creating /home/toazbenj/ros2_ws/build/my_robot_controller/build
[2.555s] creating /home/toazbenj/ros2_ws/build/my_robot_controller/build/lib
[2.556s] creating /home/toazbenj/ros2_ws/build/my_robot_controller/build/lib/my_robot_controller
[2.556s] copying my_robot_controller/__init__.py -> /home/toazbenj/ros2_ws/build/my_robot_controller/build/lib/my_robot_controller
[2.557s] running install
[2.557s] /usr/lib/python3/dist-packages/setuptools/command/install.py:34: SetuptoolsDeprecationWarning: setup.py install is deprecated. Use build and pip and other standards-based tools.
[2.557s]   warnings.warn(
[2.557s] running install_lib
[2.560s] creating /home/toazbenj/ros2_ws/install/my_robot_controller/lib/python3.10/site-packages/my_robot_controller
[2.560s] copying /home/toazbenj/ros2_ws/build/my_robot_controller/build/lib/my_robot_controller/__init__.py -> /home/toazbenj/ros2_ws/install/my_robot_controller/lib/python3.10/site-packages/my_robot_controller
[2.561s] byte-compiling /home/toazbenj/ros2_ws/install/my_robot_controller/lib/python3.10/site-packages/my_robot_controller/__init__.py to __init__.cpython-310.pyc
[2.561s] running install_data
[2.562s] creating /home/toazbenj/ros2_ws/install/my_robot_controller/share/ament_index
[2.562s] creating /home/toazbenj/ros2_ws/install/my_robot_controller/share/ament_index/resource_index
[2.562s] creating /home/toazbenj/ros2_ws/install/my_robot_controller/share/ament_index/resource_index/packages
[2.563s] copying resource/my_robot_controller -> /home/toazbenj/ros2_ws/install/my_robot_controller/share/ament_index/resource_index/packages
[2.563s] copying package.xml -> /home/toazbenj/ros2_ws/install/my_robot_controller/share/my_robot_controller
[2.563s] running install_egg_info
[2.566s] Copying ../../build/my_robot_controller/my_robot_controller.egg-info to /home/toazbenj/ros2_ws/install/my_robot_controller/lib/python3.10/site-packages/my_robot_controller-0.0.0-py3.10.egg-info
[2.568s] running install_scripts
[2.663s] writing list of installed files to '/home/toazbenj/ros2_ws/build/my_robot_controller/install.log'
[2.752s] Invoked command in '/home/toazbenj/ros2_ws/src/my_robot_controller' returned '0': PYTHONPATH=/home/toazbenj/ros2_ws/build/my_robot_controller/prefix_override:/home/toazbenj/ros2_ws/install/my_robot_controller/lib/python3.10/site-packages:${PYTHONPATH} /usr/bin/python3 setup.py egg_info --egg-base ../../build/my_robot_controller build --build-base /home/toazbenj/ros2_ws/build/my_robot_controller/build install --record /home/toazbenj/ros2_ws/build/my_robot_controller/install.log --single-version-externally-managed
