[1.058s] Invoking command in '/home/toazbenj/ros2_ws/src/my_robot_controller': PYTHONPATH=/home/toazbenj/ros2_ws/build/my_robot_controller/prefix_override:/home/toazbenj/ros2_ws/install/my_robot_controller/lib/python3.10/site-packages:${PYTHONPATH} /usr/bin/python3 setup.py egg_info --egg-base ../../build/my_robot_controller build --build-base /home/toazbenj/ros2_ws/build/my_robot_controller/build install --record /home/toazbenj/ros2_ws/build/my_robot_controller/install.log --single-version-externally-managed
[1.452s] running egg_info
[1.453s] writing ../../build/my_robot_controller/my_robot_controller.egg-info/PKG-INFO
[1.453s] writing dependency_links to ../../build/my_robot_controller/my_robot_controller.egg-info/dependency_links.txt
[1.454s] writing entry points to ../../build/my_robot_controller/my_robot_controller.egg-info/entry_points.txt
[1.454s] writing requirements to ../../build/my_robot_controller/my_robot_controller.egg-info/requires.txt
[1.454s] writing top-level names to ../../build/my_robot_controller/my_robot_controller.egg-info/top_level.txt
[1.462s] reading manifest file '../../build/my_robot_controller/my_robot_controller.egg-info/SOURCES.txt'
[1.463s] writing manifest file '../../build/my_robot_controller/my_robot_controller.egg-info/SOURCES.txt'
[1.463s] running build
[1.463s] running build_py
[1.465s] running install
[1.466s] running install_lib
[1.467s] running install_data
[1.468s] running install_egg_info
[1.470s] removing '/home/toazbenj/ros2_ws/install/my_robot_controller/lib/python3.10/site-packages/my_robot_controller-0.0.0-py3.10.egg-info' (and everything under it)
[1.470s] Copying ../../build/my_robot_controller/my_robot_controller.egg-info to /home/toazbenj/ros2_ws/install/my_robot_controller/lib/python3.10/site-packages/my_robot_controller-0.0.0-py3.10.egg-info
[1.471s] running install_scripts
[1.504s] writing list of installed files to '/home/toazbenj/ros2_ws/build/my_robot_controller/install.log'
[1.548s] Invoked command in '/home/toazbenj/ros2_ws/src/my_robot_controller' returned '0': PYTHONPATH=/home/toazbenj/ros2_ws/build/my_robot_controller/prefix_override:/home/toazbenj/ros2_ws/install/my_robot_controller/lib/python3.10/site-packages:${PYTHONPATH} /usr/bin/python3 setup.py egg_info --egg-base ../../build/my_robot_controller build --build-base /home/toazbenj/ros2_ws/build/my_robot_controller/build install --record /home/toazbenj/ros2_ws/build/my_robot_controller/install.log --single-version-externally-managed
