[0.667s] Invoking command in '/home/toazbenj/ros2_ws/build/my_robot_controller': PYTHONPATH=/home/toazbenj/ros2_ws/build/my_robot_controller/prefix_override:/home/toazbenj/ros2_ws/install/my_robot_controller/lib/python3.10/site-packages:${PYTHONPATH} /usr/bin/python3 setup.py develop --editable --build-directory /home/toazbenj/ros2_ws/build/my_robot_controller/build --no-deps install_data
[0.884s] running develop
[1.008s] running egg_info
[1.009s] writing my_robot_controller.egg-info/PKG-INFO
[1.009s] writing dependency_links to my_robot_controller.egg-info/dependency_links.txt
[1.009s] writing entry points to my_robot_controller.egg-info/entry_points.txt
[1.009s] writing requirements to my_robot_controller.egg-info/requires.txt
[1.009s] writing top-level names to my_robot_controller.egg-info/top_level.txt
[1.011s] reading manifest file 'my_robot_controller.egg-info/SOURCES.txt'
[1.012s] writing manifest file 'my_robot_controller.egg-info/SOURCES.txt'
[1.013s] running build_ext
[1.014s] Creating /home/toazbenj/ros2_ws/install/my_robot_controller/lib/python3.10/site-packages/my-robot-controller.egg-link (link to .)
[1.015s] Installing draw_circle script to /home/toazbenj/ros2_ws/install/my_robot_controller/lib/my_robot_controller
[1.015s] Installing pose_subscriber script to /home/toazbenj/ros2_ws/install/my_robot_controller/lib/my_robot_controller
[1.015s] Installing test_node script to /home/toazbenj/ros2_ws/install/my_robot_controller/lib/my_robot_controller
[1.016s] Installing turtle_controller script to /home/toazbenj/ros2_ws/install/my_robot_controller/lib/my_robot_controller
[1.016s] 
[1.016s] Installed /home/toazbenj/ros2_ws/build/my_robot_controller
[1.016s] running install_data
[1.045s] Invoked command in '/home/toazbenj/ros2_ws/build/my_robot_controller' returned '0': PYTHONPATH=/home/toazbenj/ros2_ws/build/my_robot_controller/prefix_override:/home/toazbenj/ros2_ws/install/my_robot_controller/lib/python3.10/site-packages:${PYTHONPATH} /usr/bin/python3 setup.py develop --editable --build-directory /home/toazbenj/ros2_ws/build/my_robot_controller/build --no-deps install_data
